./data/glass/glass.csv (214, 10)
        RI     Na    Mg    Al     Si     K    Ca   Ba   Fe  Type
0  1.52101  13.64  4.49  1.10  71.78  0.06  8.75  0.0  0.0     1
1  1.51761  13.89  3.60  1.36  72.73  0.48  7.83  0.0  0.0     1
2  1.51618  13.53  3.55  1.54  72.99  0.39  7.78  0.0  0.0     1
Index(['RI', 'Na', 'Mg', 'Al', 'Si', 'K', 'Ca', 'Ba', 'Fe', 'Type'], dtype='object')
{2: 0, 1: 1, 7: 2, 3: 3, 5: 4, 6: 5}

-----Statistics & Plots-----

-----Algorithm Begins-----
k=1, Round: 0
Iteration 0, Log-likelihood: -8.357054799947276
Iteration 1, Log-likelihood: -8.357054799947276
Ended. Iteration 1, Log-likelihood: -8.357054799947276
k=1, Round: 1
Iteration 0, Log-likelihood: -8.357054799947276
Iteration 1, Log-likelihood: -8.357054799947276
Ended. Iteration 1, Log-likelihood: -8.357054799947276
k=1, Round: 2
Iteration 0, Log-likelihood: -8.357054799947276
Iteration 1, Log-likelihood: -8.357054799947276
Ended. Iteration 1, Log-likelihood: -8.357054799947276
Best log-likihood: -8.357054799947276
k=2, Round: 0
Iteration 0, Log-likelihood: -7.831548370342596
Iteration 1, Log-likelihood: -6.884075066491532
Iteration 2, Log-likelihood: -6.082133024620946
Iteration 3, Log-likelihood: -5.776436235736861
Iteration 4, Log-likelihood: -5.711620228274595
Iteration 5, Log-likelihood: -5.680716181068071
Iteration 6, Log-likelihood: -5.661046085479288
Iteration 7, Log-likelihood: -5.581671497489906
Iteration 8, Log-likelihood: -5.185559090069913
Iteration 9, Log-likelihood: -4.924722001416593
Iteration 10, Log-likelihood: -4.861679910501379
Iteration 11, Log-likelihood: -4.753033957357586
Iteration 12, Log-likelihood: -4.262376221690514
Iteration 13, Log-likelihood: -3.98008648759285
Iteration 14, Log-likelihood: -3.903209530920146
Iteration 15, Log-likelihood: -3.7314809888007217
Iteration 16, Log-likelihood: -3.555984982983467
Iteration 17, Log-likelihood: -3.122811714555052
Iteration 18, Log-likelihood: -2.1015718780961343
Iteration 19, Log-likelihood: -2.101201426432319
Iteration 20, Log-likelihood: -2.1011771770209653
Iteration 21, Log-likelihood: -2.1011764580221284
Iteration 22, Log-likelihood: -2.1011764476490957
Iteration 23, Log-likelihood: -2.1011764491784675
Ended. Iteration 23, Log-likelihood: -2.1011764491784675
k=2, Round: 1
Iteration 0, Log-likelihood: -7.213683425495693
Iteration 1, Log-likelihood: -6.522767051732207
Iteration 2, Log-likelihood: -5.965295966648446
Iteration 3, Log-likelihood: -5.506429969002277
Iteration 4, Log-likelihood: -4.81639400370755
Iteration 5, Log-likelihood: -4.349840856483033
Iteration 6, Log-likelihood: -4.17167485966051
Iteration 7, Log-likelihood: -3.8048674693561466
Iteration 8, Log-likelihood: -3.024732697185471
Iteration 9, Log-likelihood: -2.305862093857701
Iteration 10, Log-likelihood: -2.305082841043246
Iteration 11, Log-likelihood: -2.3046925271696055
Iteration 12, Log-likelihood: -2.304487203494497
Iteration 13, Log-likelihood: -2.3043774895429916
Iteration 14, Log-likelihood: -2.3043010696207658
Iteration 15, Log-likelihood: -2.3042234339727052
Iteration 16, Log-likelihood: -2.304118287802265
Iteration 17, Log-likelihood: -2.303944360809105
Iteration 18, Log-likelihood: -2.3036213805763315
Iteration 19, Log-likelihood: -2.303060213177303
Iteration 20, Log-likelihood: -2.30242102850429
Iteration 21, Log-likelihood: -2.3021011049790716
Iteration 22, Log-likelihood: -2.3020360951594236
Iteration 23, Log-likelihood: -2.3020274692836677
Iteration 24, Log-likelihood: -2.3020261621481573
Iteration 25, Log-likelihood: -2.3020259085961734
Iteration 26, Log-likelihood: -2.302025851889063
Iteration 27, Log-likelihood: -2.30202583834307
Iteration 28, Log-likelihood: -2.3020258349956846
Ended. Iteration 28, Log-likelihood: -2.3020258349956846
k=2, Round: 2
Iteration 0, Log-likelihood: -7.448870898562073
Iteration 1, Log-likelihood: -6.4129283276595554
Iteration 2, Log-likelihood: -5.718208968327687
Iteration 3, Log-likelihood: -4.460832800663763
Iteration 4, Log-likelihood: -3.1622766179969095
Iteration 5, Log-likelihood: -3.1215868592778775
Iteration 6, Log-likelihood: -3.12044936463065
Iteration 7, Log-likelihood: -3.120435548948312
Iteration 8, Log-likelihood: -3.120434367858223
Iteration 9, Log-likelihood: -3.1204342400675418
Iteration 10, Log-likelihood: -3.120434222454519
Iteration 11, Log-likelihood: -3.120434219079121
Ended. Iteration 11, Log-likelihood: -3.120434219079121
Best log-likihood: -2.1011764491784675
k=3, Round: 0
k=3, Round: 0
Iteration 0, Log-likelihood: -6.6352295774332495
Iteration 1, Log-likelihood: -5.458988919552796
Iteration 2, Log-likelihood: -4.634746927428253
Iteration 3, Log-likelihood: -4.41656281701897
Iteration 4, Log-likelihood: -4.314770882733749
Iteration 5, Log-likelihood: -4.1127108608487255
Iteration 6, Log-likelihood: -3.354621352910041
Iteration 7, Log-likelihood: -3.1033020248013456
Iteration 8, Log-likelihood: -2.653096536378172
Iteration 9, Log-likelihood: -1.9196019918984817
Iteration 10, Log-likelihood: -1.8709417766714933
Iteration 11, Log-likelihood: -1.8699285734200846
Iteration 12, Log-likelihood: -1.867916434143417
Iteration 13, Log-likelihood: -1.8652448124699603
Iteration 14, Log-likelihood: -1.8619346107865424
Iteration 15, Log-likelihood: -1.8280101901833348
Iteration 16, Log-likelihood: -1.7944257964400028
Iteration 17, Log-likelihood: -1.7328808827942284
Iteration 18, Log-likelihood: -1.6662864771775894
Iteration 19, Log-likelihood: -1.6644758277725362
Iteration 20, Log-likelihood: -1.6643766261077066
Iteration 21, Log-likelihood: -1.6642816752458056
Iteration 22, Log-likelihood: -1.6641300335253593
Iteration 23, Log-likelihood: -1.6638221105294024
Iteration 24, Log-likelihood: -1.6631150706070645
Iteration 25, Log-likelihood: -1.66180746563432
Iteration 26, Log-likelihood: -1.6608052176750412
Iteration 27, Log-likelihood: -1.6606061342453158
Iteration 28, Log-likelihood: -1.6605859840964805
Iteration 29, Log-likelihood: -1.6605828145950958
Iteration 30, Log-likelihood: -1.6605820623328889
Iteration 31, Log-likelihood: -1.6605818393201366
Iteration 32, Log-likelihood: -1.6605817639207991
Iteration 33, Log-likelihood: -1.6605817365551214
Iteration 34, Log-likelihood: -1.6605817262745712
Iteration 35, Log-likelihood: -1.6605817223503772
Ended. Iteration 35, Log-likelihood: -1.6605817223503772
k=3, Round: 1
Iteration 0, Log-likelihood: -6.234136991550271
Iteration 1, Log-likelihood: -5.852741426426168
Iteration 2, Log-likelihood: -5.534802579052856
Iteration 3, Log-likelihood: -5.391418915794728
Iteration 4, Log-likelihood: -5.3341956619436965
Iteration 5, Log-likelihood: -5.286154975830722
Iteration 6, Log-likelihood: -5.26752642795023
Iteration 7, Log-likelihood: -5.235231043531268
Iteration 8, Log-likelihood: -5.175404450052214
Iteration 9, Log-likelihood: -5.101602627346882
Iteration 10, Log-likelihood: -5.090015371359374
Iteration 11, Log-likelihood: -5.0900100360500975
Iteration 12, Log-likelihood: -5.090009947101142
Iteration 13, Log-likelihood: -5.090009938092323
Iteration 14, Log-likelihood: -5.090009936088213
Ended. Iteration 14, Log-likelihood: -5.090009936088213
k=3, Round: 2
Iteration 0, Log-likelihood: -6.435453471050827
Iteration 1, Log-likelihood: -5.05859245273604
Iteration 2, Log-likelihood: -3.674399173714737
Iteration 3, Log-likelihood: -3.4201255563782738
Iteration 4, Log-likelihood: -3.0543906005345196
Iteration 5, Log-likelihood: -2.823760328343938
Iteration 6, Log-likelihood: -2.7013816231457004
Iteration 7, Log-likelihood: -2.5907939465440912
Iteration 8, Log-likelihood: -2.4988134622308875
Iteration 9, Log-likelihood: -2.42302201512912
Iteration 10, Log-likelihood: -2.379074237405615
Iteration 11, Log-likelihood: -2.35470808784052
Iteration 12, Log-likelihood: -2.3509949636231826
Iteration 13, Log-likelihood: -2.350257204944741
Iteration 14, Log-likelihood: -2.3480276468203165
Iteration 15, Log-likelihood: -2.3392547352780597
Iteration 16, Log-likelihood: -2.335799849252216
Iteration 17, Log-likelihood: -2.3357946097800633
Iteration 18, Log-likelihood: -2.335794896996021
Iteration 19, Log-likelihood: -2.335795052733862
Iteration 20, Log-likelihood: -2.335795112011107
Iteration 21, Log-likelihood: -2.335795133105925
Iteration 22, Log-likelihood: -2.3357951404442656
Iteration 23, Log-likelihood: -2.33579514297365
Ended. Iteration 23, Log-likelihood: -2.33579514297365
Best log-likihood: -1.6605817223503772
k=4, Round: 0
Iteration 0, Log-likelihood: -5.819504866779511
Iteration 1, Log-likelihood: -3.9089915551884546
Iteration 2, Log-likelihood: -2.322251320812683
Iteration 3, Log-likelihood: -1.3084962375678095
Iteration 4, Log-likelihood: -1.1868571119720643
Iteration 5, Log-likelihood: -1.0818541734236564
Iteration 6, Log-likelihood: -0.881085425540964
Iteration 7, Log-likelihood: -0.3681966266712507
Iteration 8, Log-likelihood: -0.28240340884015974
Iteration 9, Log-likelihood: -0.2185181136468954
Iteration 10, Log-likelihood: -0.1643322914081524
Iteration 11, Log-likelihood: -0.1370505920911541
Iteration 12, Log-likelihood: -0.10662482709990422
Iteration 13, Log-likelihood: -0.08142409473302961
Iteration 14, Log-likelihood: -0.06927533333437058
Iteration 15, Log-likelihood: -0.05931035025432686
Iteration 16, Log-likelihood: -0.046556791379238904
Iteration 17, Log-likelihood: -0.03272659117022334
Iteration 18, Log-likelihood: -0.013790183435400128
Iteration 19, Log-likelihood: -0.009840058647572132
Iteration 20, Log-likelihood: -0.008895928410767329
Iteration 21, Log-likelihood: -0.008583767481680651
Iteration 22, Log-likelihood: -0.008302535124573051
Iteration 23, Log-likelihood: -0.007629820276009156
Iteration 24, Log-likelihood: -0.0045302594948354695
Iteration 25, Log-likelihood: 0.002258909622314343
Iteration 26, Log-likelihood: 0.0030572412103719382
Iteration 27, Log-likelihood: 0.003099771841921033
Iteration 28, Log-likelihood: 0.003134607913468749
Iteration 29, Log-likelihood: 0.0031657236393257174
Iteration 30, Log-likelihood: 0.0031940233451450196
Iteration 31, Log-likelihood: 0.0032196204964267798
Iteration 32, Log-likelihood: 0.0032423020759549687
Iteration 33, Log-likelihood: 0.0032617818312683845
Iteration 34, Log-likelihood: 0.003277883249753935
Iteration 35, Log-likelihood: 0.0032906474472508616
Iteration 36, Log-likelihood: 0.003300350028731644
Iteration 37, Log-likelihood: 0.0033074404902119683
Iteration 38, Log-likelihood: 0.0033124452032286963
Iteration 39, Log-likelihood: 0.003315877457808336
Iteration 40, Log-likelihood: 0.003318179478064714
Iteration 41, Log-likelihood: 0.003319699444997741
Iteration 42, Log-likelihood: 0.0033206937165897034
Iteration 43, Log-likelihood: 0.0033213418498050707
Iteration 44, Log-likelihood: 0.003321765086398888
Iteration 45, Log-likelihood: 0.003322043191907537
Iteration 46, Log-likelihood: 0.0033222277433046714
Iteration 47, Log-likelihood: 0.0033223517556524762
Iteration 48, Log-likelihood: 0.0033224362782002742
Iteration 49, Log-likelihood: 0.0033224947484879596
Iteration 50, Log-likelihood: 0.0033225357943283142
Iteration 51, Log-likelihood: 0.003322565008558967
Iteration 52, Log-likelihood: 0.003322586062334263
Iteration 53, Log-likelihood: 0.003322601401001837
Iteration 54, Log-likelihood: 0.00332261267956598
Iteration 55, Log-likelihood: 0.0033226210364407484
Iteration 56, Log-likelihood: 0.0033226272671831084
Iteration 57, Log-likelihood: 0.0033226319359703346
Ended. Iteration 57, Log-likelihood: 0.0033226319359703346
k=4, Round: 1
Iteration 0, Log-likelihood: -6.036819019132158
Iteration 1, Log-likelihood: -5.010769245133059
Iteration 2, Log-likelihood: -3.923429417242804
Iteration 3, Log-likelihood: -2.814164130813711
Iteration 4, Log-likelihood: -2.1581409635242936
Iteration 5, Log-likelihood: -0.6061121094047078
Iteration 6, Log-likelihood: -0.2345082173483682
Iteration 7, Log-likelihood: -0.0007233949902854951
Iteration 8, Log-likelihood: 0.1739794940764123
Iteration 9, Log-likelihood: 0.17520688258392392
Iteration 10, Log-likelihood: 0.17531683910331516
Iteration 11, Log-likelihood: 0.17536802730158116
Iteration 12, Log-likelihood: 0.17541152116165926
Iteration 13, Log-likelihood: 0.1754514965503364
Iteration 14, Log-likelihood: 0.1754901579254085
Iteration 15, Log-likelihood: 0.17552878690494944
Iteration 16, Log-likelihood: 0.17556802126834298
Iteration 17, Log-likelihood: 0.17560789096757956
Iteration 18, Log-likelihood: 0.1756477761340991
Iteration 19, Log-likelihood: 0.17568642896759426
Iteration 20, Log-likelihood: 0.17572219103670986
Iteration 21, Log-likelihood: 0.175753438381551
Iteration 22, Log-likelihood: 0.1757790947031864
Iteration 23, Log-likelihood: 0.17579893195524493
Iteration 24, Log-likelihood: 0.17581349895970916
Iteration 25, Log-likelihood: 0.17582378539528815
Iteration 26, Log-likelihood: 0.17583086272170792
Iteration 27, Log-likelihood: 0.17583566045445734
Iteration 28, Log-likelihood: 0.17583889056860075
Iteration 29, Log-likelihood: 0.17584106075030567
Iteration 30, Log-likelihood: 0.17584251930160863
Iteration 31, Log-likelihood: 0.17584350082908431
Iteration 32, Log-likelihood: 0.1758441623114481
Iteration 33, Log-likelihood: 0.17584460866816867
Iteration 34, Log-likelihood: 0.17584491018218948
Iteration 35, Log-likelihood: 0.17584511400310668
Iteration 36, Log-likelihood: 0.17584525186523123
Iteration 37, Log-likelihood: 0.1758453451475801
Iteration 38, Log-likelihood: 0.17584540828528994
Iteration 39, Log-likelihood: 0.17584545102881236
Iteration 40, Log-likelihood: 0.1758454799667859
Iteration 41, Log-likelihood: 0.17584549956216514
Iteration 42, Log-likelihood: 0.17584551283126873
Iteration 43, Log-likelihood: 0.17584552181542845
Iteration 44, Log-likelihood: 0.17584552790119024
Iteration 45, Log-likelihood: 0.17584553202127545
Ended. Iteration 45, Log-likelihood: 0.17584553202127545
k=4, Round: 2
k=4, Round: 2
Iteration 0, Log-likelihood: -5.909754851434493
Iteration 1, Log-likelihood: -4.588607829374077
Iteration 2, Log-likelihood: -3.5528378837469425
Iteration 3, Log-likelihood: -3.205163856631129
Iteration 4, Log-likelihood: -3.14143764414894
Iteration 5, Log-likelihood: -3.1168317807694055
Iteration 6, Log-likelihood: -2.910078492339033
Iteration 7, Log-likelihood: -2.6491071501687937
Iteration 8, Log-likelihood: -1.8589408372389047
Iteration 9, Log-likelihood: -0.779609292497733
Iteration 10, Log-likelihood: -0.6548527557424225
Iteration 11, Log-likelihood: -0.6142178528528732
Iteration 12, Log-likelihood: -0.6142100694571967
Iteration 13, Log-likelihood: -0.6142101110254394
Iteration 14, Log-likelihood: -0.614210111439408
Ended. Iteration 14, Log-likelihood: -0.614210111439408
Best log-likihood: 0.17584553202127545
k=5, Round: 0
Iteration 0, Log-likelihood: -4.8267045816563385
Iteration 1, Log-likelihood: -2.9112396269906133
Iteration 2, Log-likelihood: -2.10655306186987
Iteration 3, Log-likelihood: -0.4950354857051793
Iteration 4, Log-likelihood: 0.03567874781775904
Iteration 5, Log-likelihood: 0.10267566614365235
Iteration 6, Log-likelihood: 0.1049870197153109
Iteration 7, Log-likelihood: 0.10548036703626602
Iteration 8, Log-likelihood: 0.10578723762569513
Iteration 9, Log-likelihood: 0.10597886193227464
Iteration 10, Log-likelihood: 0.10608576607184679
Iteration 11, Log-likelihood: 0.10613916100442945
Iteration 12, Log-likelihood: 0.10616325015982608
Iteration 13, Log-likelihood: 0.10617296127538595
Iteration 14, Log-likelihood: 0.10617622394802215
Iteration 15, Log-likelihood: 0.10617685271967783
Iteration 16, Log-likelihood: 0.10617654782652604
Iteration 17, Log-likelihood: 0.10617601057543671
Iteration 18, Log-likelihood: 0.10617549935463663
Iteration 19, Log-likelihood: 0.10617508841738542
Iteration 20, Log-likelihood: 0.10617478215074214
Iteration 21, Log-likelihood: 0.10617456290813941
Iteration 22, Log-likelihood: 0.10617440958076654
Iteration 23, Log-likelihood: 0.10617430385397326
Iteration 24, Log-likelihood: 0.10617423158121937
Iteration 25, Log-likelihood: 0.10617418244029363
Iteration 26, Log-likelihood: 0.1061741491361828
Iteration 27, Log-likelihood: 0.1061741266085842
Iteration 28, Log-likelihood: 0.10617411138594969
Iteration 29, Log-likelihood: 0.10617410110418117
Iteration 30, Log-likelihood: 0.1061740941590143
Iteration 31, Log-likelihood: 0.10617408946669062
Iteration 32, Log-likelihood: 0.1061740862965242
Ended. Iteration 32, Log-likelihood: 0.1061740862965242
k=5, Round: 1
Iteration 0, Log-likelihood: -5.022791357025286
Iteration 1, Log-likelihood: -2.8095898142377806
Iteration 2, Log-likelihood: -1.6173737717149987
Iteration 3, Log-likelihood: -1.2049865654938319
Iteration 4, Log-likelihood: -1.0379543117974832
Iteration 5, Log-likelihood: -0.9061376648779134
Iteration 6, Log-likelihood: -0.7882439821548778
Iteration 7, Log-likelihood: -0.7037905426228432
Iteration 8, Log-likelihood: -0.6491178927029275
Iteration 9, Log-likelihood: -0.6099743311503085
Iteration 10, Log-likelihood: -0.5809384116977934
Iteration 11, Log-likelihood: -0.5803077055336794
Iteration 12, Log-likelihood: -0.5802369333730403
Iteration 13, Log-likelihood: -0.5801437884167248
Iteration 14, Log-likelihood: -0.5798638239782463
Iteration 15, Log-likelihood: -0.5779954004417492
Iteration 16, Log-likelihood: -0.5596845710081271
Iteration 17, Log-likelihood: -0.47541960148199963
Iteration 18, Log-likelihood: -0.4754162876801967
Iteration 19, Log-likelihood: -0.4754163281404965
Iteration 20, Log-likelihood: -0.47541633793024146
Iteration 21, Log-likelihood: -0.4754163401230868
Ended. Iteration 21, Log-likelihood: -0.4754163401230868
k=5, Round: 2
Iteration 0, Log-likelihood: -6.077852435391625
Iteration 1, Log-likelihood: -4.318810725526381
Iteration 2, Log-likelihood: -2.935335614955531
Iteration 3, Log-likelihood: -1.5760374214828154
Iteration 4, Log-likelihood: -0.6211390324682293
Iteration 5, Log-likelihood: -0.5077799607945187
Iteration 6, Log-likelihood: -0.47748050576592266
Iteration 7, Log-likelihood: -0.41402295484068996
Iteration 8, Log-likelihood: -0.37121454450793473
Iteration 9, Log-likelihood: -0.3617306955933768
Iteration 10, Log-likelihood: -0.3540925755670617
Iteration 11, Log-likelihood: -0.35038013182971406
Iteration 12, Log-likelihood: -0.3489084836667963
Iteration 13, Log-likelihood: -0.3416477410266637
Iteration 14, Log-likelihood: -0.3309253900874121
Iteration 15, Log-likelihood: -0.33084403556473974
Iteration 16, Log-likelihood: -0.3308443273605357
Iteration 17, Log-likelihood: -0.33084443452010825
Iteration 18, Log-likelihood: -0.33084447798292493
Iteration 19, Log-likelihood: -0.33084449798361415
Iteration 20, Log-likelihood: -0.33084450812180755
Iteration 21, Log-likelihood: -0.33084451355899513
Iteration 22, Log-likelihood: -0.3308445165628809
Ended. Iteration 22, Log-likelihood: -0.3308445165628809
Best log-likihood: 0.1061740862965242
k=6, Round: 0
k=6, Round: 0
Iteration 0, Log-likelihood: -4.1391147141545055
Iteration 1, Log-likelihood: -1.574953092006324
Iteration 2, Log-likelihood: -0.677212377121455
Iteration 3, Log-likelihood: -0.2269296400779805
Iteration 4, Log-likelihood: -0.10045643817349763
Iteration 5, Log-likelihood: -0.07019838033814116
Iteration 6, Log-likelihood: -0.036074139698057485
Iteration 7, Log-likelihood: -0.036058236208293674
Iteration 8, Log-likelihood: -0.0360530619501916
Iteration 9, Log-likelihood: -0.03605076338682456
Iteration 10, Log-likelihood: -0.03604964611570956
Iteration 11, Log-likelihood: -0.036049083423832395
Iteration 12, Log-likelihood: -0.03604879526201785
Iteration 13, Log-likelihood: -0.03604864643413879
Iteration 14, Log-likelihood: -0.03604856922948808
Iteration 15, Log-likelihood: -0.036048529087180654
Iteration 16, Log-likelihood: -0.03604850819107411
Iteration 17, Log-likelihood: -0.03604849730636951
Iteration 18, Log-likelihood: -0.03604849163478184
Iteration 19, Log-likelihood: -0.03604848867916076
Ended. Iteration 19, Log-likelihood: -0.03604848867916076
k=6, Round: 1
Iteration 0, Log-likelihood: -4.395356963266567
Iteration 1, Log-likelihood: -2.6251014164114914
Iteration 2, Log-likelihood: -2.050304160972063
Iteration 3, Log-likelihood: -0.9637594400044955
Iteration 4, Log-likelihood: -0.6187301302914872
Iteration 5, Log-likelihood: -0.5963192419330782
Iteration 6, Log-likelihood: -0.5261101318861394
Iteration 7, Log-likelihood: -0.4809021245317876
Iteration 8, Log-likelihood: -0.47759376730066605
Iteration 9, Log-likelihood: -0.4775042614310036
Iteration 10, Log-likelihood: -0.4774773050472614
Iteration 11, Log-likelihood: -0.47747019431986465
Iteration 12, Log-likelihood: -0.47746836311674146
Iteration 13, Log-likelihood: -0.47746785695806154
Iteration 14, Log-likelihood: -0.47746769669878836
Iteration 15, Log-likelihood: -0.4774676379393846
Iteration 16, Log-likelihood: -0.4774676138882185
Iteration 17, Log-likelihood: -0.47746760339537525
Iteration 18, Log-likelihood: -0.47746759867572236
Iteration 19, Log-likelihood: -0.47746759652353704
Ended. Iteration 19, Log-likelihood: -0.47746759652353704
k=6, Round: 2
k=6, Round: 2
k=6, Round: 2
Iteration 0, Log-likelihood: -5.518454526720005
Iteration 1, Log-likelihood: -3.896093822205157
Iteration 2, Log-likelihood: -2.908566762575095
Iteration 3, Log-likelihood: -2.0236061475741125
Iteration 4, Log-likelihood: -0.778448572234527
Iteration 5, Log-likelihood: -0.5276233374621719
Iteration 6, Log-likelihood: -0.44209664571515267
Iteration 7, Log-likelihood: -0.4084420073500501
Iteration 8, Log-likelihood: -0.35766325557384665
Iteration 9, Log-likelihood: -0.3049649189648702
Iteration 10, Log-likelihood: -0.2911506606650748
Iteration 11, Log-likelihood: -0.2728712887554551
Iteration 12, Log-likelihood: -0.26027236387144126
Iteration 13, Log-likelihood: -0.2513677563633913
Iteration 14, Log-likelihood: -0.24695904258370918
Iteration 15, Log-likelihood: -0.24524753161486634
Iteration 16, Log-likelihood: -0.2336737233541944
Iteration 17, Log-likelihood: -0.16163836149176306
Iteration 18, Log-likelihood: -0.15946993543568652
Iteration 19, Log-likelihood: -0.15914418947182554
Iteration 20, Log-likelihood: -0.15902787448074374
Iteration 21, Log-likelihood: -0.15898697171186005
Iteration 22, Log-likelihood: -0.1589734046984192
Iteration 23, Log-likelihood: -0.15896965936384178
Iteration 24, Log-likelihood: -0.1589695369959653
Iteration 25, Log-likelihood: -0.15897078880433943
Iteration 26, Log-likelihood: -0.1589725593909322
Iteration 27, Log-likelihood: -0.15897450845835065
Iteration 28, Log-likelihood: -0.1589764976127906
Iteration 29, Log-likelihood: -0.15897847218155917
Iteration 30, Log-likelihood: -0.15898041375229732
Iteration 31, Log-likelihood: -0.15898231988117148
Iteration 32, Log-likelihood: -0.15898419481456866
Iteration 33, Log-likelihood: -0.15898604481328057
Iteration 34, Log-likelihood: -0.15898787529680292
Iteration 35, Log-likelihood: -0.15898968838532693
Iteration 36, Log-likelihood: -0.15899147982274722
Iteration 37, Log-likelihood: -0.15899323414069547
Iteration 38, Log-likelihood: -0.1589949162566177
Iteration 39, Log-likelihood: -0.1589964561457814
Iteration 40, Log-likelihood: -0.1589977198611731
Iteration 41, Log-likelihood: -0.15899845269050494
Iteration 42, Log-likelihood: -0.1589981628798151
Iteration 43, Log-likelihood: -0.15899587190280773
Iteration 44, Log-likelihood: -0.158989547053652
Iteration 45, Log-likelihood: -0.15897472766831044
Iteration 46, Log-likelihood: -0.15894096435557517
Iteration 47, Log-likelihood: -0.15886199009802357
Iteration 48, Log-likelihood: -0.15866790438348183
Iteration 49, Log-likelihood: -0.1581762113475216
Iteration 50, Log-likelihood: -0.1570365694386884
Iteration 51, Log-likelihood: -0.15520744733855618
Iteration 52, Log-likelihood: -0.1535781629063771
Iteration 53, Log-likelihood: -0.15241982939464027
Iteration 54, Log-likelihood: -0.15136120743086617
Iteration 55, Log-likelihood: -0.15014324759453143
Iteration 56, Log-likelihood: -0.1485619756252559
Iteration 57, Log-likelihood: -0.14689701130206748
Iteration 58, Log-likelihood: -0.14561297265828962
Iteration 59, Log-likelihood: -0.14467481380117167
Iteration 60, Log-likelihood: -0.1441167114155852
Iteration 61, Log-likelihood: -0.14385397542173317
Iteration 62, Log-likelihood: -0.14368879892422318
Iteration 63, Log-likelihood: -0.14350066098423345
Iteration 64, Log-likelihood: -0.14319886692569284
Iteration 65, Log-likelihood: -0.14265137875565292
Iteration 66, Log-likelihood: -0.14169158606056836
Iteration 67, Log-likelihood: -0.14026614973139775
Iteration 68, Log-likelihood: -0.13837556809580487
Iteration 69, Log-likelihood: -0.13508963774235125
Iteration 70, Log-likelihood: -0.12888414456688244
Iteration 71, Log-likelihood: -0.12483066246240004
Iteration 72, Log-likelihood: -0.12412414195321837
Iteration 73, Log-likelihood: -0.12390483546209027
Iteration 74, Log-likelihood: -0.1237713346683778
Iteration 75, Log-likelihood: -0.12366861021568468
Iteration 76, Log-likelihood: -0.12357804885631558
Iteration 77, Log-likelihood: -0.12348844761601013
Iteration 78, Log-likelihood: -0.12338727054161933
Iteration 79, Log-likelihood: -0.12325263450343454
Iteration 80, Log-likelihood: -0.12303479256529282
Iteration 81, Log-likelihood: -0.12253023107190669
Iteration 82, Log-likelihood: -0.11526409907506742
Iteration 83, Log-likelihood: 0.1421077210432119
Iteration 84, Log-likelihood: 1.3958350878079169
Iteration 85, Log-likelihood: 1.48802345726541
Iteration 86, Log-likelihood: 1.5216974613501362
Iteration 87, Log-likelihood: 1.5557511496996694
Iteration 88, Log-likelihood: 1.5739846810099034
Iteration 89, Log-likelihood: 1.5740368993682092
Iteration 90, Log-likelihood: 1.5740369188820338
Iteration 91, Log-likelihood: 1.5740369179572902
Ended. Iteration 91, Log-likelihood: 1.5740369179572902
Best log-likihood: 1.5740369179572902
k=7, Round: 0
Iteration 0, Log-likelihood: -3.635473730019207
Iteration 1, Log-likelihood: -1.2371013964970385
Iteration 2, Log-likelihood: 0.019972800638129423
Iteration 3, Log-likelihood: 0.9569818482281092
Iteration 4, Log-likelihood: 2.257986008860647
Iteration 5, Log-likelihood: 2.3668040395136303
Iteration 6, Log-likelihood: 2.3711124573708053
Iteration 7, Log-likelihood: 2.3711919156739696
Iteration 8, Log-likelihood: 2.3711927816478044
Iteration 9, Log-likelihood: 2.3711928046354007
Iteration 10, Log-likelihood: 2.3711928056095397
Ended. Iteration 10, Log-likelihood: 2.3711928056095397
k=7, Round: 1
k=7, Round: 1
k=7, Round: 1
Iteration 0, Log-likelihood: -4.25979988737506
Iteration 1, Log-likelihood: -0.8952858748485572
Iteration 2, Log-likelihood: 0.12027990850603557
Iteration 3, Log-likelihood: 0.5358481938496649
Iteration 4, Log-likelihood: 0.9249866884782365
Iteration 5, Log-likelihood: 1.2819054490923338
Iteration 6, Log-likelihood: 1.3611297677880887
Iteration 7, Log-likelihood: 1.3988946731720615
Iteration 8, Log-likelihood: 1.4637987401987487
Iteration 9, Log-likelihood: 1.5023208627107751
Iteration 10, Log-likelihood: 1.545923040336338
Iteration 11, Log-likelihood: 1.5513454853894733
Iteration 12, Log-likelihood: 1.5546961015641396
Iteration 13, Log-likelihood: 1.5589568633300714
Iteration 14, Log-likelihood: 1.5654627318798673
Iteration 15, Log-likelihood: 1.5769485534770022
Iteration 16, Log-likelihood: 1.5930361993656177
Iteration 17, Log-likelihood: 1.60503182226141
Iteration 18, Log-likelihood: 1.611610977679507
Iteration 19, Log-likelihood: 1.6178336113464633
Iteration 20, Log-likelihood: 1.6223415291090901
Iteration 21, Log-likelihood: 1.6240275276867042
Iteration 22, Log-likelihood: 1.6251547679815839
Iteration 23, Log-likelihood: 1.6268682890985942
Iteration 24, Log-likelihood: 1.6308836632127217
Iteration 25, Log-likelihood: 1.6409886565779972
Iteration 26, Log-likelihood: 1.6551283056041988
Iteration 27, Log-likelihood: 1.6658717249780657
Iteration 28, Log-likelihood: 1.6733716430825627
Iteration 29, Log-likelihood: 1.6790427379925863
Iteration 30, Log-likelihood: 1.68156354103766
Iteration 31, Log-likelihood: 1.682393066524756
Iteration 32, Log-likelihood: 1.6827385929929561
Iteration 33, Log-likelihood: 1.6829265406979592
Iteration 34, Log-likelihood: 1.6831754442466091
Iteration 35, Log-likelihood: 1.6901866896375
Iteration 36, Log-likelihood: 1.9639664745486352
Iteration 37, Log-likelihood: 3.040194555510611
Iteration 38, Log-likelihood: 3.3101542703957465
Iteration 39, Log-likelihood: 3.3274600804782444
Iteration 40, Log-likelihood: 3.3384858088417873
Iteration 41, Log-likelihood: 3.353984599534131
Iteration 42, Log-likelihood: 3.360809835920236
Iteration 43, Log-likelihood: 3.361184820424622
Iteration 44, Log-likelihood: 3.361200603133387
Iteration 45, Log-likelihood: 3.361208148826228
Iteration 46, Log-likelihood: 3.361212165781354
Iteration 47, Log-likelihood: 3.361214246910766
Iteration 48, Log-likelihood: 3.3612153088370946
Iteration 49, Log-likelihood: 3.361215853150508
Iteration 50, Log-likelihood: 3.361216139307482
Iteration 51, Log-likelihood: 3.3612162966076617
Iteration 52, Log-likelihood: 3.3612163882632173
Iteration 53, Log-likelihood: 3.3612164451250015
Iteration 54, Log-likelihood: 3.361216482483463
Iteration 55, Log-likelihood: 3.3612165081765175
Iteration 56, Log-likelihood: 3.3612165264332514
Iteration 57, Log-likelihood: 3.3612165396912808
Iteration 58, Log-likelihood: 3.3612165494394177
Iteration 59, Log-likelihood: 3.3612165566682872
Iteration 60, Log-likelihood: 3.3612165620460988
Iteration 61, Log-likelihood: 3.3612165660609166
Ended. Iteration 61, Log-likelihood: 3.3612165660609166
k=7, Round: 2
Iteration 0, Log-likelihood: -5.428768290032328
Iteration 1, Log-likelihood: -1.8708131374290582
Iteration 2, Log-likelihood: 0.34170315544407215
Iteration 3, Log-likelihood: 1.009082581835919
Iteration 4, Log-likelihood: 1.9479084563542612
Iteration 5, Log-likelihood: 1.992610419509989
Iteration 6, Log-likelihood: 1.9976585315112485
Iteration 7, Log-likelihood: 2.0272432509709124
Iteration 8, Log-likelihood: 2.080573907941847
Iteration 9, Log-likelihood: 2.1033682121818775
Iteration 10, Log-likelihood: 2.105067883001013
Iteration 11, Log-likelihood: 2.1180205000223293
Iteration 12, Log-likelihood: 2.198078664335099
Iteration 13, Log-likelihood: 2.1995948845275204
Iteration 14, Log-likelihood: 2.1995949077315857
Iteration 15, Log-likelihood: 2.199594914737581
Iteration 16, Log-likelihood: 2.1995949166921265
Ended. Iteration 16, Log-likelihood: 2.1995949166921265
Best log-likihood: 3.3612165660609166
k=8, Round: 0
k=8, Round: 0
Iteration 0, Log-likelihood: -3.914628976425193
Iteration 1, Log-likelihood: -1.1616325485373666
Iteration 2, Log-likelihood: 0.1885960875961372
Iteration 3, Log-likelihood: 1.0530598288110118
Iteration 4, Log-likelihood: 1.434395727497547
Iteration 5, Log-likelihood: 1.6506964828214672
Iteration 6, Log-likelihood: 1.8724037915406675
Iteration 7, Log-likelihood: 2.133953007195972
Iteration 8, Log-likelihood: 2.60370963113449
Iteration 9, Log-likelihood: 2.789494620161904
Iteration 10, Log-likelihood: 3.1456945804014245
Iteration 11, Log-likelihood: 3.4556709782947004
Iteration 12, Log-likelihood: 3.5721455213288316
Iteration 13, Log-likelihood: 3.5864357926156787
Iteration 14, Log-likelihood: 3.5931920555681915
Iteration 15, Log-likelihood: 3.594466498799339
Iteration 16, Log-likelihood: 3.5944632880404357
Iteration 17, Log-likelihood: 3.594454809859965
Iteration 18, Log-likelihood: 3.5944491274496175
Iteration 19, Log-likelihood: 3.5944460850154263
Iteration 20, Log-likelihood: 3.5944445945191714
Iteration 21, Log-likelihood: 3.5944438919079604
Iteration 22, Log-likelihood: 3.594443566360104
Iteration 23, Log-likelihood: 3.5944434166949355
Iteration 24, Log-likelihood: 3.5944433481358886
Iteration 25, Log-likelihood: 3.5944433167795804
Iteration 26, Log-likelihood: 3.59444330245122
Iteration 27, Log-likelihood: 3.5944432959070105
Iteration 28, Log-likelihood: 3.594443292919005
Ended. Iteration 28, Log-likelihood: 3.594443292919005
k=8, Round: 1
Iteration 0, Log-likelihood: -3.730521845373124
Iteration 1, Log-likelihood: -0.5341491574880053
Iteration 2, Log-likelihood: 0.8814398973641346
Iteration 3, Log-likelihood: 1.3571701933710847
Iteration 4, Log-likelihood: 1.6984283957107156
Iteration 5, Log-likelihood: 1.8844427388575902
Iteration 6, Log-likelihood: 1.957777268906846
Iteration 7, Log-likelihood: 2.0496466524242463
Iteration 8, Log-likelihood: 2.144244338029895
Iteration 9, Log-likelihood: 2.1740676230791216
Iteration 10, Log-likelihood: 2.23629429759922
Iteration 11, Log-likelihood: 2.340422509233589
Iteration 12, Log-likelihood: 2.363706369039649
Iteration 13, Log-likelihood: 2.3650294783176813
Iteration 14, Log-likelihood: 2.3667081002475454
Iteration 15, Log-likelihood: 2.368874285579288
Iteration 16, Log-likelihood: 2.372720851922433
Iteration 17, Log-likelihood: 2.382444675110207
Iteration 18, Log-likelihood: 2.3943362402704995
Iteration 19, Log-likelihood: 2.397893552873647
Iteration 20, Log-likelihood: 2.398570409047812
Iteration 21, Log-likelihood: 2.3993563568661687
Iteration 22, Log-likelihood: 2.4007074289369044
Iteration 23, Log-likelihood: 2.403052713927851
Iteration 24, Log-likelihood: 2.40560590069139
Iteration 25, Log-likelihood: 2.4063202423736345
Iteration 26, Log-likelihood: 2.4063745552656264
Iteration 27, Log-likelihood: 2.4063826203560015
Iteration 28, Log-likelihood: 2.4063846162533604
Iteration 29, Log-likelihood: 2.40638498780138
Iteration 30, Log-likelihood: 2.4063848980264977
Iteration 31, Log-likelihood: 2.4063847073997917
Iteration 32, Log-likelihood: 2.406384523949397
Iteration 33, Log-likelihood: 2.4063843741871764
Iteration 34, Log-likelihood: 2.4063842592837332
Iteration 35, Log-likelihood: 2.4063841735740685
Iteration 36, Log-likelihood: 2.406384110535798
Iteration 37, Log-likelihood: 2.4063840645022174
Iteration 38, Log-likelihood: 2.4063840310136317
Iteration 39, Log-likelihood: 2.4063840066974773
Iteration 40, Log-likelihood: 2.406383989051864
Iteration 41, Log-likelihood: 2.4063839762503085
Iteration 42, Log-likelihood: 2.4063839669595404
Iteration 43, Log-likelihood: 2.4063839602137893
Iteration 44, Log-likelihood: 2.4063839553112136
Iteration 45, Log-likelihood: 2.4063839517503967
Ended. Iteration 45, Log-likelihood: 2.4063839517503967
k=8, Round: 2
Iteration 0, Log-likelihood: -4.089873945649925
Iteration 1, Log-likelihood: -1.6475005304650214
Iteration 2, Log-likelihood: 0.32504928257882926
Iteration 3, Log-likelihood: 0.756580324559756
Iteration 4, Log-likelihood: 1.060982857497497
Iteration 5, Log-likelihood: 1.1287178738690409
Iteration 6, Log-likelihood: 1.1560368257115876
Iteration 7, Log-likelihood: 1.174972770911594
Iteration 8, Log-likelihood: 1.1812002120898684
Iteration 9, Log-likelihood: 1.1855259786311292
Iteration 10, Log-likelihood: 1.1995608726570695
Iteration 11, Log-likelihood: 1.2384632579494728
Iteration 12, Log-likelihood: 1.2743053532670208
Iteration 13, Log-likelihood: 1.3483338617981473
Iteration 14, Log-likelihood: 1.4379566994644692
Iteration 15, Log-likelihood: 1.455261880142625
Iteration 16, Log-likelihood: 1.4664039884303903
Iteration 17, Log-likelihood: 1.4818528746055433
Iteration 18, Log-likelihood: 1.491887143610185
Iteration 19, Log-likelihood: 1.5042029289917598
Iteration 20, Log-likelihood: 1.5475299412629486
Iteration 21, Log-likelihood: 1.5833869254056643
Iteration 22, Log-likelihood: 1.6000985650178625
Iteration 23, Log-likelihood: 1.6134765977240197
Iteration 24, Log-likelihood: 1.6138457200747898
Iteration 25, Log-likelihood: 1.6139051299945224
Iteration 26, Log-likelihood: 1.6140408177966605
Iteration 27, Log-likelihood: 1.6146595962087897
Iteration 28, Log-likelihood: 1.6194626349477017
Iteration 29, Log-likelihood: 1.633637676256052
Iteration 30, Log-likelihood: 1.634456726900685
Iteration 31, Log-likelihood: 1.6344545244396924
Iteration 32, Log-likelihood: 1.634451115326821
Iteration 33, Log-likelihood: 1.634448126858878
Iteration 34, Log-likelihood: 1.634445778083933
Iteration 35, Log-likelihood: 1.6344440297889136
Iteration 36, Log-likelihood: 1.634442766449779
Iteration 37, Log-likelihood: 1.634441866686983
Iteration 38, Log-likelihood: 1.6344412291993373
Iteration 39, Log-likelihood: 1.6344407774305123
Iteration 40, Log-likelihood: 1.634440456245104
Iteration 41, Log-likelihood: 1.634440226821947
Iteration 42, Log-likelihood: 1.634440062081449
Iteration 43, Log-likelihood: 1.6344399431602759
Iteration 44, Log-likelihood: 1.634439856881543
Iteration 45, Log-likelihood: 1.6344397939969844
Iteration 46, Log-likelihood: 1.6344397479724018
Iteration 47, Log-likelihood: 1.6344397141645384
Iteration 48, Log-likelihood: 1.6344396892535058
Iteration 49, Log-likelihood: 1.6344396708458873
Iteration 50, Log-likelihood: 1.6344396572125284
Iteration 51, Log-likelihood: 1.634439647095905
Iteration 52, Log-likelihood: 1.6344396395744538
Iteration 53, Log-likelihood: 1.6344396339766416
Iteration 54, Log-likelihood: 1.6344396298046822
Ended. Iteration 54, Log-likelihood: 1.6344396298046822
Best log-likihood: 3.594443292919005
k=9, Round: 0
Iteration 0, Log-likelihood: -4.451375396538036
Iteration 1, Log-likelihood: -1.1869106198404134
Iteration 2, Log-likelihood: 0.3820302315571542
Iteration 3, Log-likelihood: 1.3133071573308606
Iteration 4, Log-likelihood: 1.742457608654042
Iteration 5, Log-likelihood: 1.859926336393968
Iteration 6, Log-likelihood: 1.8639848446201852
Iteration 7, Log-likelihood: 1.8677391469127451
Iteration 8, Log-likelihood: 1.8728749595313368
Iteration 9, Log-likelihood: 1.8773403979486225
Iteration 10, Log-likelihood: 1.8793947104931765
Iteration 11, Log-likelihood: 1.8799534119438308
Iteration 12, Log-likelihood: 1.8802737152683149
Iteration 13, Log-likelihood: 1.8804707561271323
Iteration 14, Log-likelihood: 1.880577062965759
Iteration 15, Log-likelihood: 1.880628426955144
Iteration 16, Log-likelihood: 1.8806517113236203
Iteration 17, Log-likelihood: 1.8806620291193454
Iteration 18, Log-likelihood: 1.8806666384408464
Iteration 19, Log-likelihood: 1.880668762567598
Iteration 20, Log-likelihood: 1.8806697892239352
Iteration 21, Log-likelihood: 1.8806703151329835
Iteration 22, Log-likelihood: 1.880670601871421
Iteration 23, Log-likelihood: 1.8806707680515238
Iteration 24, Log-likelihood: 1.8806708698718175
Iteration 25, Log-likelihood: 1.8806709353187394
Iteration 26, Log-likelihood: 1.8806709790768488
Iteration 27, Log-likelihood: 1.8806710092581447
Iteration 28, Log-likelihood: 1.8806710305805112
Iteration 29, Log-likelihood: 1.8806710459151177
Iteration 30, Log-likelihood: 1.880671057087125
Iteration 31, Log-likelihood: 1.880671065303992
Iteration 32, Log-likelihood: 1.8806710713849457
Iteration 33, Log-likelihood: 1.8806710759051537
Ended. Iteration 33, Log-likelihood: 1.8806710759051537
k=9, Round: 1
k=9, Round: 1
k=9, Round: 1
Iteration 0, Log-likelihood: -4.43424231806464
Iteration 1, Log-likelihood: -2.5110041934568446
Iteration 2, Log-likelihood: -0.8220947157625861
Iteration 3, Log-likelihood: 0.7994765779012833
Iteration 4, Log-likelihood: 1.367717044951605
Iteration 5, Log-likelihood: 1.64489631217501
Iteration 6, Log-likelihood: 1.8037417457809861
Iteration 7, Log-likelihood: 2.006664412058828
Iteration 8, Log-likelihood: 2.27467839993027
Iteration 9, Log-likelihood: 2.426002947496232
Iteration 10, Log-likelihood: 2.478306279134356
Iteration 11, Log-likelihood: 2.509658772264556
Iteration 12, Log-likelihood: 2.525993343866116
Iteration 13, Log-likelihood: 2.6097609317055888
Iteration 14, Log-likelihood: 2.646221654231773
Iteration 15, Log-likelihood: 2.6487695321912357
Iteration 16, Log-likelihood: 2.6595142846571442
Iteration 17, Log-likelihood: 2.6689447347249136
Iteration 18, Log-likelihood: 2.6699449872348704
Iteration 19, Log-likelihood: 2.670649829375311
Iteration 20, Log-likelihood: 2.6711305148126137
Iteration 21, Log-likelihood: 2.671458722740569
Iteration 22, Log-likelihood: 2.6716957850387275
Iteration 23, Log-likelihood: 2.671878325689325
Iteration 24, Log-likelihood: 2.6720260476789455
Iteration 25, Log-likelihood: 2.6721499888278353
Iteration 26, Log-likelihood: 2.6722570111813817
Iteration 27, Log-likelihood: 2.672351898346241
Iteration 28, Log-likelihood: 2.6724383148964472
Iteration 29, Log-likelihood: 2.6725192687282298
Iteration 30, Log-likelihood: 2.6725973715273454
Iteration 31, Log-likelihood: 2.6726750244511455
Iteration 32, Log-likelihood: 2.6727545770587566
Iteration 33, Log-likelihood: 2.672838472053508
Iteration 34, Log-likelihood: 2.6729293683873854
Iteration 35, Log-likelihood: 2.673030212298668
Iteration 36, Log-likelihood: 2.6731441871867445
Iteration 37, Log-likelihood: 2.67327441482016
Iteration 38, Log-likelihood: 2.6734232272175182
Iteration 39, Log-likelihood: 2.673590875900261
Iteration 40, Log-likelihood: 2.673773876162275
Iteration 41, Log-likelihood: 2.6739638850289116
Iteration 42, Log-likelihood: 2.6741485630684543
Iteration 43, Log-likelihood: 2.674315060262201
Iteration 44, Log-likelihood: 2.6744544202370437
Iteration 45, Log-likelihood: 2.6745638783666488
Iteration 46, Log-likelihood: 2.67464589397118
Iteration 47, Log-likelihood: 2.6747055154341144
Iteration 48, Log-likelihood: 2.6747481303603577
Iteration 49, Log-likelihood: 2.674778341613205
Iteration 50, Log-likelihood: 2.6747996906157754
Iteration 51, Log-likelihood: 2.674814767262411
Iteration 52, Log-likelihood: 2.6748254218026903
Iteration 53, Log-likelihood: 2.67483296299248
Iteration 54, Log-likelihood: 2.674838312959133
Iteration 55, Log-likelihood: 2.6748421203089268
Iteration 56, Log-likelihood: 2.674844840801223
Iteration 57, Log-likelihood: 2.674846794433944
Iteration 58, Log-likelihood: 2.674848205750395
Iteration 59, Log-likelihood: 2.674849232310212
Iteration 60, Log-likelihood: 2.674849984728877
Iteration 61, Log-likelihood: 2.6748505407938645
Iteration 62, Log-likelihood: 2.674850955332838
Iteration 63, Log-likelihood: 2.674851267132034
Iteration 64, Log-likelihood: 2.674851503751067
Iteration 65, Log-likelihood: 2.6748516848893282
Iteration 66, Log-likelihood: 2.6748518247160855
Iteration 67, Log-likelihood: 2.67485193350416
Iteration 68, Log-likelihood: 2.674852018750593
Iteration 69, Log-likelihood: 2.6748520859865312
Iteration 70, Log-likelihood: 2.6748521393348414
Iteration 71, Log-likelihood: 2.67485218187798
Iteration 72, Log-likelihood: 2.674852215959422
Iteration 73, Log-likelihood: 2.6748522433668183
Iteration 74, Log-likelihood: 2.6748522654805162
Iteration 75, Log-likelihood: 2.6748522833749533
Iteration 76, Log-likelihood: 2.6748522978888105
Iteration 77, Log-likelihood: 2.674852309687679
Iteration 78, Log-likelihood: 2.6748523192920097
Iteration 79, Log-likelihood: 2.6748523271214624
Iteration 80, Log-likelihood: 2.6748523335116996
Iteration 81, Log-likelihood: 2.6748523387356267
Iteration 82, Log-likelihood: 2.6748523430033715
Ended. Iteration 82, Log-likelihood: 2.6748523430033715
k=9, Round: 2
k=9, Round: 2
k=9, Round: 2
Iteration 0, Log-likelihood: -5.01580423101463
Iteration 1, Log-likelihood: -1.2662291924113298
Iteration 2, Log-likelihood: 0.4426925705983815
Iteration 3, Log-likelihood: 1.3763889554556397
Iteration 4, Log-likelihood: 1.6595376286687955
Iteration 5, Log-likelihood: 1.698297074824628
Iteration 6, Log-likelihood: 1.729639832497131
Iteration 7, Log-likelihood: 1.780870171279101
Iteration 8, Log-likelihood: 1.8004294615049696
Iteration 9, Log-likelihood: 1.8089905765980565
Iteration 10, Log-likelihood: 1.8563031290547922
Iteration 11, Log-likelihood: 1.8669980491974953
Iteration 12, Log-likelihood: 1.8675694411609107
Iteration 13, Log-likelihood: 1.8678007762351896
Iteration 14, Log-likelihood: 1.8680602544018567
Iteration 15, Log-likelihood: 1.8684332877024776
Iteration 16, Log-likelihood: 1.869007241768231
Iteration 17, Log-likelihood: 1.8697793969127119
Iteration 18, Log-likelihood: 1.8705750172236797
Iteration 19, Log-likelihood: 1.8713364663162229
Iteration 20, Log-likelihood: 1.8722047097222378
Iteration 21, Log-likelihood: 1.8731203317678604
Iteration 22, Log-likelihood: 1.8736737335589222
Iteration 23, Log-likelihood: 1.8738192028846268
Iteration 24, Log-likelihood: 1.8738397637791808
Iteration 25, Log-likelihood: 1.8738424477840483
Iteration 26, Log-likelihood: 1.8738429377242092
Iteration 27, Log-likelihood: 1.8738430875976306
Iteration 28, Log-likelihood: 1.8738431556385131
Iteration 29, Log-likelihood: 1.8738431925174799
Iteration 30, Log-likelihood: 1.8738432139065035
Iteration 31, Log-likelihood: 1.8738432267140668
Iteration 32, Log-likelihood: 1.8738432345414848
Iteration 33, Log-likelihood: 1.8738432393934428
Iteration 34, Log-likelihood: 1.8738432424322153
Ended. Iteration 34, Log-likelihood: 1.8738432424322153
Best log-likihood: 2.6748523430033715
k=10, Round: 0
k=10, Round: 0
k=10, Round: 0
Iteration 0, Log-likelihood: -3.595905609606949
Iteration 1, Log-likelihood: -0.09391297564008935
Iteration 2, Log-likelihood: 1.4451731642869245
Iteration 3, Log-likelihood: 2.193729265571612
Iteration 4, Log-likelihood: 3.1314470764282314
Iteration 5, Log-likelihood: 3.4537565688861664
Iteration 6, Log-likelihood: 3.7214481193439264
Iteration 7, Log-likelihood: 3.8838465958423116
Iteration 8, Log-likelihood: 3.9390174726989406
Iteration 9, Log-likelihood: 4.042656413717318
Iteration 10, Log-likelihood: 4.081335355811079
Iteration 11, Log-likelihood: 4.081338079121875
Iteration 12, Log-likelihood: 4.081338081894342
Ended. Iteration 12, Log-likelihood: 4.081338081894342
k=10, Round: 1
k=10, Round: 1
Iteration 0, Log-likelihood: -4.810082930209942
Iteration 1, Log-likelihood: -2.30074889927389
Iteration 2, Log-likelihood: -0.14383302406944537
Iteration 3, Log-likelihood: 0.6049399973806889
Iteration 4, Log-likelihood: 1.1458935976328108
Iteration 5, Log-likelihood: 1.3343503783487665
Iteration 6, Log-likelihood: 1.4783203395345073
Iteration 7, Log-likelihood: 1.5129381556599562
Iteration 8, Log-likelihood: 1.5284011036345122
Iteration 9, Log-likelihood: 1.5466884813579957
Iteration 10, Log-likelihood: 1.547231514747281
Iteration 11, Log-likelihood: 1.5498517131381204
Iteration 12, Log-likelihood: 1.5552291603802681
Iteration 13, Log-likelihood: 1.5691612264009114
Iteration 14, Log-likelihood: 1.6079096702280635
Iteration 15, Log-likelihood: 1.6139911195320455
Iteration 16, Log-likelihood: 1.6264797786965886
Iteration 17, Log-likelihood: 1.6416501167826736
Iteration 18, Log-likelihood: 1.6421299701173953
Iteration 19, Log-likelihood: 1.642130371814505
Iteration 20, Log-likelihood: 1.6421304173289126
Iteration 21, Log-likelihood: 1.6421303940296692
Iteration 22, Log-likelihood: 1.6421303567916443
Iteration 23, Log-likelihood: 1.6421303248442067
Iteration 24, Log-likelihood: 1.6421303020797708
Iteration 25, Log-likelihood: 1.6421302872264398
Iteration 26, Log-likelihood: 1.642130277995003
Iteration 27, Log-likelihood: 1.6421302724187237
Iteration 28, Log-likelihood: 1.6421302691087811
Ended. Iteration 28, Log-likelihood: 1.6421302691087811
k=10, Round: 2
k=10, Round: 2
k=10, Round: 2
k=10, Round: 2
Iteration 0, Log-likelihood: -2.753250698276544
Iteration 1, Log-likelihood: -0.1391772800395563
Iteration 2, Log-likelihood: 0.9632118300437456
Iteration 3, Log-likelihood: 1.6897518236697668
Iteration 4, Log-likelihood: 3.032917733264443
Iteration 5, Log-likelihood: 3.204041488429106
Iteration 6, Log-likelihood: 3.3880388838364572
Iteration 7, Log-likelihood: 3.463177154619251
Iteration 8, Log-likelihood: 3.498595551290975
Iteration 9, Log-likelihood: 3.514835207879642
Iteration 10, Log-likelihood: 3.5179210661461706
Iteration 11, Log-likelihood: 3.5323528059331712
Iteration 12, Log-likelihood: 3.5362980186864372
Iteration 13, Log-likelihood: 3.536344706555423
Iteration 14, Log-likelihood: 3.5363609266652523
Iteration 15, Log-likelihood: 3.536367697392522
Iteration 16, Log-likelihood: 3.5363707919547505
Iteration 17, Log-likelihood: 3.5363722988341477
Iteration 18, Log-likelihood: 3.5363730632418915
Iteration 19, Log-likelihood: 3.536373460412068
Iteration 20, Log-likelihood: 3.5363736694134236
Iteration 21, Log-likelihood: 3.536373780002981
Iteration 22, Log-likelihood: 3.5363738385509205
Iteration 23, Log-likelihood: 3.536373869431616
Iteration 24, Log-likelihood: 3.5363738855789073
Iteration 25, Log-likelihood: 3.5363738938911737
Iteration 26, Log-likelihood: 3.536373898053745
Ended. Iteration 26, Log-likelihood: 3.536373898053745
Best log-likihood: 4.081338081894342
k=11, Round: 0
k=11, Round: 0
Iteration 0, Log-likelihood: -4.074338763849514
Iteration 1, Log-likelihood: -1.3712882026429205
Iteration 2, Log-likelihood: 0.6310460114926243
Iteration 3, Log-likelihood: 1.2172789659249799
Iteration 4, Log-likelihood: 1.4715684612214965
Iteration 5, Log-likelihood: 1.534895229498563
Iteration 6, Log-likelihood: 1.5532137035107278
Iteration 7, Log-likelihood: 1.5825527837742954
Iteration 8, Log-likelihood: 1.6086479927347073
Iteration 9, Log-likelihood: 1.6239923595451542
Iteration 10, Log-likelihood: 1.651114394348139
Iteration 11, Log-likelihood: 1.6877340275218087
Iteration 12, Log-likelihood: 1.70354648427049
Iteration 13, Log-likelihood: 1.7291356463582064
Iteration 14, Log-likelihood: 1.7574508046179005
Iteration 15, Log-likelihood: 1.810713302446334
Iteration 16, Log-likelihood: 1.8329100233137092
Iteration 17, Log-likelihood: 1.8425489248717317
Iteration 18, Log-likelihood: 1.8464705971400626
Iteration 19, Log-likelihood: 1.8491152749815352
Iteration 20, Log-likelihood: 1.8509715629119037
Iteration 21, Log-likelihood: 1.8518541359667915
Iteration 22, Log-likelihood: 1.852645368798644
Iteration 23, Log-likelihood: 1.8541838219654863
Iteration 24, Log-likelihood: 1.8554157943181877
Iteration 25, Log-likelihood: 1.8555230958837556
Iteration 26, Log-likelihood: 1.8554930525233932
Iteration 27, Log-likelihood: 1.8554590722998217
Iteration 28, Log-likelihood: 1.8554294878944475
Iteration 29, Log-likelihood: 1.8554129632273189
Iteration 30, Log-likelihood: 1.8554312178300252
Iteration 31, Log-likelihood: 1.8555353027140649
Iteration 32, Log-likelihood: 1.8558083591288574
Iteration 33, Log-likelihood: 1.8562575274365518
Iteration 34, Log-likelihood: 1.8566598543895116
Iteration 35, Log-likelihood: 1.856834350397764
Iteration 36, Log-likelihood: 1.8568413026862844
Iteration 37, Log-likelihood: 1.856774743124425
Iteration 38, Log-likelihood: 1.8566865139482003
Iteration 39, Log-likelihood: 1.8565992256298227
Iteration 40, Log-likelihood: 1.8565204236625301
Iteration 41, Log-likelihood: 1.8564511314639085
Iteration 42, Log-likelihood: 1.8563900554601787
Iteration 43, Log-likelihood: 1.8563353476412858
Iteration 44, Log-likelihood: 1.856285238493748
Iteration 45, Log-likelihood: 1.8562382056740496
Iteration 46, Log-likelihood: 1.856192970975588
Iteration 47, Log-likelihood: 1.8561484437417006
Iteration 48, Log-likelihood: 1.8561036543827754
Iteration 49, Log-likelihood: 1.8560576917745326
Iteration 50, Log-likelihood: 1.8560096473352496
Iteration 51, Log-likelihood: 1.8559585656979576
Iteration 52, Log-likelihood: 1.855903403287303
Iteration 53, Log-likelihood: 1.8558430016759357
Iteration 54, Log-likelihood: 1.8557760956009564
Iteration 55, Log-likelihood: 1.855701404028024
Iteration 56, Log-likelihood: 1.8556179132552082
Iteration 57, Log-likelihood: 1.8555255808874909
Iteration 58, Log-likelihood: 1.8554268850455746
Iteration 59, Log-likelihood: 1.8553297804703848
Iteration 60, Log-likelihood: 1.8552519128114766
Iteration 61, Log-likelihood: 1.8552222473472375
Iteration 62, Log-likelihood: 1.855269840651041
Iteration 63, Log-likelihood: 1.8553993479268804
Iteration 64, Log-likelihood: 1.8555968701100838
Iteration 65, Log-likelihood: 1.8559028736987435
Iteration 66, Log-likelihood: 1.8565150719975774
Iteration 67, Log-likelihood: 1.8578740780032337
Iteration 68, Log-likelihood: 1.8605765203133415
Iteration 69, Log-likelihood: 1.8635651715899637
Iteration 70, Log-likelihood: 1.8643090712466728
Iteration 71, Log-likelihood: 1.8643885438086683
Iteration 72, Log-likelihood: 1.864409373068726
Iteration 73, Log-likelihood: 1.8644175547579016
Iteration 74, Log-likelihood: 1.864421374453408
Iteration 75, Log-likelihood: 1.8644255085456167
Iteration 76, Log-likelihood: 1.8644371740076116
Iteration 77, Log-likelihood: 1.8644808191798479
Iteration 78, Log-likelihood: 1.8647040002695294
Iteration 79, Log-likelihood: 1.8666408281142666
Iteration 80, Log-likelihood: 1.8759090582077196
Iteration 81, Log-likelihood: 1.878273571554672
Iteration 82, Log-likelihood: 1.8783005007913722
Iteration 83, Log-likelihood: 1.8782919634041044
Iteration 84, Log-likelihood: 1.8782762814154166
Iteration 85, Log-likelihood: 1.8782604444262003
Iteration 86, Log-likelihood: 1.8782461700600108
Iteration 87, Log-likelihood: 1.878233723264339
Iteration 88, Log-likelihood: 1.878222985427198
Iteration 89, Log-likelihood: 1.8782137554372325
Iteration 90, Log-likelihood: 1.878205832983326
Iteration 91, Log-likelihood: 1.8781990388007948
Iteration 92, Log-likelihood: 1.8781932169549478
Iteration 93, Log-likelihood: 1.8781882326066577
Iteration 94, Log-likelihood: 1.8781839691364588
Iteration 95, Log-likelihood: 1.878180325588148
Iteration 96, Log-likelihood: 1.878177214542143
Iteration 97, Log-likelihood: 1.8781745603474143
Iteration 98, Log-likelihood: 1.8781722976158894
Iteration 99, Log-likelihood: 1.878170369922138
Iteration 100, Log-likelihood: 1.878168728656111
k=11, Round: 1
Iteration 0, Log-likelihood: -2.8124066523476072
Iteration 1, Log-likelihood: 0.00549602158785962
Iteration 2, Log-likelihood: 1.7723479074778976
Iteration 3, Log-likelihood: 2.695517943958005
Iteration 4, Log-likelihood: 3.003564412482623
Iteration 5, Log-likelihood: 3.1827171453741077
Iteration 6, Log-likelihood: 3.309796011403137
Iteration 7, Log-likelihood: 3.3241897491478087
Iteration 8, Log-likelihood: 3.3450404368788345
Iteration 9, Log-likelihood: 3.3553905525720755
Iteration 10, Log-likelihood: 3.378454380127727
Iteration 11, Log-likelihood: 3.465741765381042
Iteration 12, Log-likelihood: 3.496808091952556
Iteration 13, Log-likelihood: 3.5268386433939303
Iteration 14, Log-likelihood: 3.55167725260891
Iteration 15, Log-likelihood: 3.5600318890680276
Iteration 16, Log-likelihood: 3.5659473651803735
Iteration 17, Log-likelihood: 3.5780759002351235
Iteration 18, Log-likelihood: 3.58184708205115
Iteration 19, Log-likelihood: 3.585081464670905
Iteration 20, Log-likelihood: 3.5946536136136165
Iteration 21, Log-likelihood: 3.6054980934508563
Iteration 22, Log-likelihood: 3.613060065435581
Iteration 23, Log-likelihood: 3.631321182188547
Iteration 24, Log-likelihood: 3.687654799301873
Iteration 25, Log-likelihood: 3.6879082250313497
Iteration 26, Log-likelihood: 3.6879742066536507
Iteration 27, Log-likelihood: 3.687994378116972
Iteration 28, Log-likelihood: 3.687999954486436
Iteration 29, Log-likelihood: 3.6880009274170567
Iteration 30, Log-likelihood: 3.6880007679538305
Iteration 31, Log-likelihood: 3.6880004798570836
Iteration 32, Log-likelihood: 3.6880002709117523
Iteration 33, Log-likelihood: 3.6880001458070732
Iteration 34, Log-likelihood: 3.688000076196803
Iteration 35, Log-likelihood: 3.688000038690408
Iteration 36, Log-likelihood: 3.6880000187731143
Iteration 37, Log-likelihood: 3.688000008254494
Iteration 38, Log-likelihood: 3.6880000027109614
Iteration 39, Log-likelihood: 3.6879999997915163
Ended. Iteration 39, Log-likelihood: 3.6879999997915163
k=11, Round: 2
Iteration 0, Log-likelihood: -3.526493412524296
Iteration 1, Log-likelihood: -1.1352626504773726
Iteration 2, Log-likelihood: 0.3493560933037102
Iteration 3, Log-likelihood: 1.0835457116839253
Iteration 4, Log-likelihood: 1.3545842630063796
Iteration 5, Log-likelihood: 1.4543012974865777
Iteration 6, Log-likelihood: 1.5011022215329026
Iteration 7, Log-likelihood: 1.5726005103275356
Iteration 8, Log-likelihood: 1.6569011533542501
Iteration 9, Log-likelihood: 1.7477397931063705
Iteration 10, Log-likelihood: 1.9742750647372624
Iteration 11, Log-likelihood: 1.9976114322200527
Iteration 12, Log-likelihood: 2.010328390306165
Iteration 13, Log-likelihood: 2.039357108134892
Iteration 14, Log-likelihood: 2.064898309032852
Iteration 15, Log-likelihood: 2.071700658880166
Iteration 16, Log-likelihood: 2.0741601360655135
Iteration 17, Log-likelihood: 2.081182602980413
Iteration 18, Log-likelihood: 2.0937604560812706
Iteration 19, Log-likelihood: 2.105043129767047
Iteration 20, Log-likelihood: 2.1152423214988914
Iteration 21, Log-likelihood: 2.1317670305895273
Iteration 22, Log-likelihood: 2.1516577127955436
Iteration 23, Log-likelihood: 2.2193544474443376
Iteration 24, Log-likelihood: 2.675359680014893
Iteration 25, Log-likelihood: 2.9063293514150237
Iteration 26, Log-likelihood: 2.913304314914902
Iteration 27, Log-likelihood: 2.920641448330862
Iteration 28, Log-likelihood: 2.9250492381691426
Iteration 29, Log-likelihood: 2.9255619477011314
Iteration 30, Log-likelihood: 2.9271409011124074
Iteration 31, Log-likelihood: 2.9314589010325287
Iteration 32, Log-likelihood: 2.939421778238495
Iteration 33, Log-likelihood: 2.942603751556125
Iteration 34, Log-likelihood: 2.94261336505127
Iteration 35, Log-likelihood: 2.942613337404758
Iteration 36, Log-likelihood: 2.9426133350482093
Ended. Iteration 36, Log-likelihood: 2.9426133350482093
Best log-likihood: 3.6879999997915163
Best k you choose: Our GMM finished. Log-likelihood: 3.3612165660609166

-----Compared with sklearn-----
Log-likelihood using scikit-learn (lower bounds): 0.5985489499628365

-----Time Used: 789.9073586463928s-----
